============================= test session starts ==============================
platform darwin -- Python 3.13.9, pytest-9.0.3, pluggy-1.6.0 -- /Users/jonarichter/git/Zebrafish_webapp/.venv/bin/python
cachedir: .pytest_cache
rootdir: /Users/jonarichter/git/Zebrafish_webapp
plugins: anyio-4.13.0
collecting ... collected 48 items

tests/test_dependency_installer.py::test_is_importable_finds_numpy PASSED [  2%]
tests/test_dependency_installer.py::test_is_importable_misses_nonexistent PASSED [  4%]
tests/test_dependency_installer.py::test_is_importable_does_not_trigger_import PASSED [  6%]
tests/test_export.py::test_export_excel_creates_file PASSED              [  8%]
tests/test_export.py::test_export_csv_creates_file PASSED                [ 10%]
tests/test_export.py::test_export_excel_includes_error_column PASSED     [ 12%]
tests/test_export.py::test_export_filtered_skips_excluded PASSED         [ 14%]
tests/test_length.py::test_tube_length_returns_positive PASSED           [ 16%]
tests/test_length.py::test_tube_length_spacing_scales_result PASSED      [ 18%]
tests/test_length.py::test_tube_length_empty_mask_does_not_crash PASSED  [ 20%]
tests/test_length.py::test_tube_length_wider_mask_is_longer PASSED       [ 22%]
tests/test_length.py::test_tube_length_returns_tuple PASSED              [ 25%]
tests/test_logic.py::test_analyse_images_returns_one_result_per_image PASSED [ 27%]
tests/test_logic.py::test_analyse_images_error_per_image_does_not_crash PASSED [ 29%]
tests/test_logic.py::test_models_to_download_all_cached SKIPPED (wid...) [ 31%]
tests/test_logic.py::test_models_to_download_missing SKIPPED (widget...) [ 33%]
tests/test_logic_manual.py::test_apply_manual_correction_updates_length PASSED [ 35%]
tests/test_logic_manual.py::test_apply_manual_correction_snapshots_auto_values PASSED [ 37%]
tests/test_logic_manual.py::test_apply_manual_correction_noop_when_spacing_none PASSED [ 39%]
tests/test_logic_manual.py::test_apply_manual_correction_skips_curvature_when_no_model PASSED [ 41%]
tests/test_logic_manual.py::test_revert_manual_correction_restores_auto PASSED [ 43%]
tests/test_logic_manual.py::test_revert_manual_correction_noop_when_not_corrected PASSED [ 45%]
tests/test_manual.py::test_compute_manual_length_basic PASSED            [ 47%]
tests/test_manual.py::test_compute_manual_length_greater_than_straight PASSED [ 50%]
tests/test_manual.py::test_compute_manual_length_points_outside_mask PASSED [ 52%]
tests/test_manual.py::test_compute_manual_length_empty_mask_fallback PASSED [ 54%]
tests/test_manual.py::test_compute_manual_length_spacing_scales_result PASSED [ 56%]
tests/test_overlay.py::test_make_overlay_returns_rgb_array PASSED        [ 58%]
tests/test_overlay.py::test_make_overlay_handles_none_mask PASSED        [ 60%]
tests/test_registry.py::test_required_models_present PASSED              [ 62%]
tests/test_registry.py::test_model_config_has_required_keys PASSED       [ 64%]
tests/test_registry.py::test_unknown_model_raises PASSED                 [ 66%]
tests/test_registry.py::test_presets_reference_valid_models PASSED       [ 68%]
tests/test_scalebar.py::test_detect_label_ocr_finds_um_value SKIPPED     [ 70%]
tests/test_scalebar.py::test_detect_label_ocr_returns_none_on_blank SKIPPED [ 72%]
tests/test_scalebar.py::test_detect_label_ocr_graceful_fallback PASSED   [ 75%]
tests/test_seg.py::test_segmentation_pipeline_returns_three_tuple PASSED [ 77%]
tests/test_seg.py::test_segmentation_pipeline_sorted_order PASSED        [ 79%]
tests/test_seg.py::test_segmentation_pipeline_include_eyes_returns_four_tuple PASSED [ 81%]
tests/test_seg.py::test_segmentation_pipeline_model_load_failure_raises PASSED [ 83%]
tests/test_zoom_view.py::test_zoom_factor_scroll_up PASSED               [ 85%]
tests/test_zoom_view.py::test_zoom_factor_scroll_down PASSED             [ 87%]
tests/test_zoom_view.py::test_zoom_factor_half_notch PASSED              [ 89%]
tests/test_zoom_view.py::test_minimap_full_visible PASSED                [ 91%]
tests/test_zoom_view.py::test_minimap_top_left_quadrant PASSED           [ 93%]
tests/test_zoom_view.py::test_minimap_bottom_right_quadrant PASSED       [ 95%]
tests/test_zoom_view.py::test_minimap_minimum_size PASSED                [ 97%]
tests/test_zoom_view.py::test_minimap_with_thumb_offset PASSED           [100%]

======================== 44 passed, 4 skipped in 4.09s =========================
